<?xml version="1.0" encoding="UTF-8"?>
<!-- Generated by org.testng.reporters.JUnitReportReporter -->
<testsuite hostname="DELL-PC" failures="0" tests="1" name="test.RecipeScrapping" time="174.024" errors="0" timestamp="2022-02-09T01:30:01 GMT-05:00" skipped="0">
  <testcase classname="test.RecipeScrapping" name="recipeScrapping" time="174.024"/>
  <system-out/>
</testsuite> <!-- test.RecipeScrapping -->
