<?xml version="1.0" encoding="UTF-8"?>
<!-- Generated by org.testng.reporters.JUnitReportReporter -->
<testsuite hostname="DESKTOP-P6E0VNQ" failures="0" tests="1" name="test.Diabetictest" time="302.809" errors="0" timestamp="2022-02-14T08:41:00 EST" skipped="0">
  <testcase classname="test.Diabetictest" name="recipeScrappingDiabetic" time="302.809"/>
  <system-out/>
</testsuite> <!-- test.Diabetictest -->
