<?xml version="1.0" encoding="UTF-8"?>
<!-- Generated by org.testng.reporters.JUnitReportReporter -->
<testsuite hostname="DESKTOP-P6E0VNQ" failures="0" tests="1" name="test.SouthIndianTest" time="253.298" errors="0" timestamp="2022-02-14T08:41:00 EST" skipped="0">
  <testcase classname="test.SouthIndianTest" name="recipeScrappingSouthIndian" time="253.298"/>
  <system-out/>
</testsuite> <!-- test.SouthIndianTest -->
